--2023-11-10 19:06:20--  https://ftp.ensembl.org/pub/current_gff3/homo_sapiens/Homo_sapiens.GRCh38.110.chromosome.1.gff3.gz
Resolving ftp.ensembl.org (ftp.ensembl.org)... 193.62.193.169
Connecting to ftp.ensembl.org (ftp.ensembl.org)|193.62.193.169|:443... connected.
HTTP request sent, awaiting response... 200 OK
Length: 4274056 (4.1M) [application/x-gzip]
Saving to: ‘Homo_sapiens.GRCh38.110.chromosome.1.gff3.gz’

     0K .......... .......... .......... .......... ..........  1% 1.82M 2s
    50K .......... .......... .......... .......... ..........  2% 3.51M 2s
   100K .......... .......... .......... .......... ..........  3% 3.54M 1s
   150K .......... .......... .......... .......... ..........  4% 30.3M 1s
   200K .......... .......... .......... .......... ..........  5% 3.41M 1s
   250K .......... .......... .......... .......... ..........  7% 3.47M 1s
   300K .......... .......... .......... .......... ..........  8% 3.49M 1s
   350K .......... .......... .......... .......... ..........  9% 98.6M 1s
   400K .......... .......... .......... .......... .......... 10% 3.55M 1s
   450K .......... .......... .......... .......... .......... 11% 3.43M 1s
   500K .......... .......... .......... .......... .......... 13% 3.60M 1s
   550K .......... .......... .......... .......... .......... 14% 3.54M 1s
   600K .......... .......... .......... .......... .......... 15% 3.84M 1s
   650K .......... .......... .......... .......... .......... 16% 27.9M 1s
   700K .......... .......... .......... .......... .......... 17% 3.43M 1s
   750K .......... .......... .......... .......... .......... 19% 3.49M 1s
   800K .......... .......... .......... .......... .......... 20% 3.54M 1s
   850K .......... .......... .......... .......... .......... 21% 4.18M 1s
   900K .......... .......... .......... .......... .......... 22% 18.7M 1s
   950K .......... .......... .......... .......... .......... 23% 3.39M 1s
  1000K .......... .......... .......... .......... .......... 25% 3.77M 1s
  1050K .......... .......... .......... .......... .......... 26% 3.52M 1s
  1100K .......... .......... .......... .......... .......... 27% 4.21M 1s
  1150K .......... .......... .......... .......... .......... 28% 12.9M 1s
  1200K .......... .......... .......... .......... .......... 29% 3.57M 1s
  1250K .......... .......... .......... .......... .......... 31% 3.93M 1s
  1300K .......... .......... .......... .......... .......... 32% 3.54M 1s
  1350K .......... .......... .......... .......... .......... 33% 4.32M 1s
  1400K .......... .......... .......... .......... .......... 34% 11.8M 1s
  1450K .......... .......... .......... .......... .......... 35% 3.64M 1s
  1500K .......... .......... .......... .......... .......... 37% 3.74M 1s
  1550K .......... .......... .......... .......... .......... 38% 3.29M 1s
  1600K .......... .......... .......... .......... .......... 39% 4.59M 1s
  1650K .......... .......... .......... .......... .......... 40% 12.9M 1s
  1700K .......... .......... .......... .......... .......... 41% 3.38M 1s
  1750K .......... .......... .......... .......... .......... 43% 3.54M 1s
  1800K .......... .......... .......... .......... .......... 44% 3.83M 1s
  1850K .......... .......... .......... .......... .......... 45% 3.83M 1s
  1900K .......... .......... .......... .......... .......... 46% 16.1M 1s
  1950K .......... .......... .......... .......... .......... 47% 3.36M 1s
  2000K .......... .......... .......... .......... .......... 49% 3.53M 0s
  2050K .......... .......... .......... .......... .......... 50% 3.39M 0s
  2100K .......... .......... .......... .......... .......... 51% 4.96M 0s
  2150K .......... .......... .......... .......... .......... 52% 10.7M 0s
  2200K .......... .......... .......... .......... .......... 53% 3.53M 0s
  2250K .......... .......... .......... .......... .......... 55% 3.56M 0s
  2300K .......... .......... .......... .......... .......... 56% 3.54M 0s
  2350K .......... .......... .......... .......... .......... 57% 4.49M 0s
  2400K .......... .......... .......... .......... .......... 58% 8.79M 0s
  2450K .......... .......... .......... .......... .......... 59% 3.41M 0s
  2500K .......... .......... .......... .......... .......... 61% 3.96M 0s
  2550K .......... .......... .......... .......... .......... 62% 3.64M 0s
  2600K .......... .......... .......... .......... .......... 63% 5.49M 0s
  2650K .......... .......... .......... .......... .......... 64% 3.61M 0s
  2700K .......... .......... .......... .......... .......... 65% 4.06M 0s
  2750K .......... .......... .......... .......... .......... 67% 5.64M 0s
  2800K .......... .......... .......... .......... .......... 68% 3.79M 0s
  2850K .......... .......... .......... .......... .......... 69% 5.40M 0s
  2900K .......... .......... .......... .......... .......... 70% 3.66M 0s
  2950K .......... .......... .......... .......... .......... 71% 4.22M 0s
  3000K .......... .......... .......... .......... .......... 73% 4.96M 0s
  3050K .......... .......... .......... .......... .......... 74% 4.92M 0s
  3100K .......... .......... .......... .......... .......... 75% 3.91M 0s
  3150K .......... .......... .......... .......... .......... 76% 3.74M 0s
  3200K .......... .......... .......... .......... .......... 77% 4.01M 0s
  3250K .......... .......... .......... .......... .......... 79% 5.08M 0s
  3300K .......... .......... .......... .......... .......... 80% 4.49M 0s
  3350K .......... .......... .......... .......... .......... 81% 5.08M 0s
  3400K .......... .......... .......... .......... .......... 82% 3.44M 0s
  3450K .......... .......... .......... .......... .......... 83% 4.23M 0s
  3500K .......... .......... .......... .......... .......... 85% 5.13M 0s
  3550K .......... .......... .......... .......... .......... 86% 3.67M 0s
  3600K .......... .......... .......... .......... .......... 87% 5.17M 0s
  3650K .......... .......... .......... .......... .......... 88% 3.67M 0s
  3700K .......... .......... .......... .......... .......... 89% 4.91M 0s
  3750K .......... .......... .......... .......... .......... 91% 4.27M 0s
  3800K .......... .......... .......... .......... .......... 92% 3.63M 0s
  3850K .......... .......... .......... .......... .......... 93% 6.45M 0s
  3900K .......... .......... .......... .......... .......... 94% 3.88M 0s
  3950K .......... .......... .......... .......... .......... 95% 4.79M 0s
  4000K .......... .......... .......... .......... .......... 97% 4.04M 0s
  4050K .......... .......... .......... .......... .......... 98% 4.88M 0s
  4100K .......... .......... .......... .......... .......... 99% 4.54M 0s
  4150K .......... .......... ...                             100% 3.10M=1.0s

2023-11-10 19:06:22 (4.25 MB/s) - ‘Homo_sapiens.GRCh38.110.chromosome.1.gff3.gz’ saved [4274056/4274056]

